{"C:\\postech-fiap-payment-api\\src\\entity\\payment.ts": {"path":"C:\\postech-fiap-payment-api\\src\\entity\\payment.ts","statementMap":{"0":{"start":{"line":2,"column":0},"end":{"line":2,"column":36}},"1":{"start":{"line":17,"column":4},"end":{"line":19,"column":null}},"2":{"start":{"line":18,"column":8},"end":{"line":18,"column":31}},"3":{"start":{"line":20,"column":4},"end":{"line":22,"column":null}},"4":{"start":{"line":21,"column":8},"end":{"line":21,"column":29}},"5":{"start":{"line":12,"column":8},"end":{"line":12,"column":31}},"6":{"start":{"line":13,"column":8},"end":{"line":13,"column":27}},"7":{"start":{"line":14,"column":8},"end":{"line":14,"column":25}},"8":{"start":{"line":4,"column":0},"end":{"line":4,"column":21}}},"fnMap":{"0":{"name":"(anonymous_0)","decl":{"start":{"line":11,"column":4},"end":{"line":11,"column":16}},"loc":{"start":{"line":11,"column":46},"end":{"line":15,"column":5}}},"1":{"name":"(anonymous_1)","decl":{"start":{"line":17,"column":15},"end":{"line":17,"column":18}},"loc":{"start":{"line":17,"column":20},"end":{"line":19,"column":5}}},"2":{"name":"(anonymous_2)","decl":{"start":{"line":20,"column":19},"end":{"line":20,"column":20}},"loc":{"start":{"line":20,"column":38},"end":{"line":22,"column":5}}}},"branchMap":{},"s":{"0":1,"1":3,"2":0,"3":3,"4":3,"5":3,"6":3,"7":3,"8":1},"f":{"0":3,"1":0,"2":3},"b":{}}
,"C:\\postech-fiap-payment-api\\src\\repositories\\Memory\\InMemoryPaymentRepository.ts": {"path":"C:\\postech-fiap-payment-api\\src\\repositories\\Memory\\InMemoryPaymentRepository.ts","statementMap":{"0":{"start":{"line":5,"column":2},"end":{"line":5,"column":27}},"1":{"start":{"line":7,"column":4},"end":{"line":7,"column":32}},"2":{"start":{"line":8,"column":4},"end":{"line":8,"column":19}},"3":{"start":{"line":11,"column":4},"end":{"line":11,"column":25}},"4":{"start":{"line":15,"column":20},"end":{"line":15,"column":80}},"5":{"start":{"line":15,"column":52},"end":{"line":15,"column":79}},"6":{"start":{"line":16,"column":4},"end":{"line":16,"column":56}},"7":{"start":{"line":16,"column":18},"end":{"line":16,"column":56}},"8":{"start":{"line":17,"column":4},"end":{"line":17,"column":19}},"9":{"start":{"line":21,"column":18},"end":{"line":21,"column":69}},"10":{"start":{"line":21,"column":49},"end":{"line":21,"column":68}},"11":{"start":{"line":22,"column":4},"end":{"line":22,"column":61}},"12":{"start":{"line":22,"column":22},"end":{"line":22,"column":61}},"13":{"start":{"line":23,"column":4},"end":{"line":23,"column":35}},"14":{"start":{"line":24,"column":4},"end":{"line":24,"column":19}},"15":{"start":{"line":4,"column":0},"end":{"line":4,"column":21}}},"fnMap":{"0":{"name":"(anonymous_0)","decl":{"start":{"line":4,"column":0},"end":{"line":4,"column":21}},"loc":{"start":{"line":4,"column":0},"end":{"line":26,"column":1}}},"1":{"name":"(anonymous_1)","decl":{"start":{"line":6,"column":2},"end":{"line":6,"column":7}},"loc":{"start":{"line":6,"column":29},"end":{"line":9,"column":3}}},"2":{"name":"(anonymous_2)","decl":{"start":{"line":10,"column":2},"end":{"line":10,"column":7}},"loc":{"start":{"line":10,"column":12},"end":{"line":12,"column":3}}},"3":{"name":"(anonymous_3)","decl":{"start":{"line":14,"column":2},"end":{"line":14,"column":7}},"loc":{"start":{"line":14,"column":46},"end":{"line":18,"column":3}}},"4":{"name":"(anonymous_4)","decl":{"start":{"line":15,"column":39},"end":{"line":15,"column":40}},"loc":{"start":{"line":15,"column":52},"end":{"line":15,"column":79}}},"5":{"name":"(anonymous_5)","decl":{"start":{"line":20,"column":2},"end":{"line":20,"column":7}},"loc":{"start":{"line":20,"column":31},"end":{"line":25,"column":3}}},"6":{"name":"(anonymous_6)","decl":{"start":{"line":21,"column":42},"end":{"line":21,"column":43}},"loc":{"start":{"line":21,"column":49},"end":{"line":21,"column":68}}}},"branchMap":{"0":{"loc":{"start":{"line":16,"column":4},"end":{"line":16,"column":56}},"type":"if","locations":[{"start":{"line":16,"column":4},"end":{"line":16,"column":56}}]},"1":{"loc":{"start":{"line":22,"column":4},"end":{"line":22,"column":61}},"type":"if","locations":[{"start":{"line":22,"column":4},"end":{"line":22,"column":61}}]}},"s":{"0":3,"1":3,"2":3,"3":1,"4":1,"5":1,"6":1,"7":0,"8":1,"9":1,"10":1,"11":1,"12":0,"13":1,"14":1,"15":1},"f":{"0":3,"1":3,"2":1,"3":1,"4":1,"5":1,"6":1},"b":{"0":[0],"1":[0]}}
,"C:\\postech-fiap-payment-api\\src\\utils\\paymentUtil.ts": {"path":"C:\\postech-fiap-payment-api\\src\\utils\\paymentUtil.ts","statementMap":{"0":{"start":{"line":8,"column":22},"end":{"line":8,"column":30}},"1":{"start":{"line":9,"column":8},"end":{"line":9,"column":28}},"2":{"start":{"line":10,"column":8},"end":{"line":10,"column":71}},"3":{"start":{"line":11,"column":8},"end":{"line":11,"column":30}},"4":{"start":{"line":12,"column":8},"end":{"line":12,"column":29}},"5":{"start":{"line":13,"column":8},"end":{"line":13,"column":73}},"6":{"start":{"line":14,"column":8},"end":{"line":14,"column":28}},"7":{"start":{"line":15,"column":8},"end":{"line":15,"column":69}},"8":{"start":{"line":16,"column":8},"end":{"line":16,"column":69}},"9":{"start":{"line":17,"column":8},"end":{"line":17,"column":30}},"10":{"start":{"line":18,"column":8},"end":{"line":18,"column":53}},"11":{"start":{"line":19,"column":8},"end":{"line":19,"column":81}},"12":{"start":{"line":21,"column":8},"end":{"line":21,"column":23}},"13":{"start":{"line":26,"column":27},"end":{"line":34,"column":10}},"14":{"start":{"line":35,"column":24},"end":{"line":35,"column":66}},"15":{"start":{"line":36,"column":8},"end":{"line":36,"column":86}},"16":{"start":{"line":38,"column":8},"end":{"line":38,"column":27}},"17":{"start":{"line":3,"column":0},"end":{"line":3,"column":21}}},"fnMap":{"0":{"name":"(anonymous_0)","decl":{"start":{"line":7,"column":4},"end":{"line":7,"column":9}},"loc":{"start":{"line":7,"column":45},"end":{"line":22,"column":5}}},"1":{"name":"(anonymous_1)","decl":{"start":{"line":25,"column":4},"end":{"line":25,"column":9}},"loc":{"start":{"line":25,"column":41},"end":{"line":39,"column":5}}}},"branchMap":{},"s":{"0":3,"1":3,"2":3,"3":3,"4":3,"5":3,"6":3,"7":3,"8":3,"9":3,"10":3,"11":3,"12":3,"13":3,"14":3,"15":3,"16":3,"17":1},"f":{"0":3,"1":3},"b":{}}
}
